<?xml version="1.0" encoding="UTF-8"?>
<!-- Generated by org.testng.reporters.JUnitXMLReporter -->
<testsuite ignored="0" hostname="AsusShubham" failures="0" tests="3" name="Test" time="72.381" errors="0" timestamp="2023-08-02T19:41:20 IST">
  <testcase classname="practicegitpackage.Amazonweb" name="amazonweb" time="11.001"/>
  <testcase classname="practicegitpackage.Ajioweb" name="ajioweb" time="38.246"/>
  <testcase classname="practicegitpackage.Flipkartweb" name="flipkartweb" time="23.074"/>
</testsuite> <!-- Test -->
