<?xml version="1.0" encoding="UTF-8"?>
<testng-results ignored="0" total="3" passed="3" failed="0" skipped="0">
  <reporter-output>
  </reporter-output>
  <suite started-at="2023-08-02T19:40:07 IST" name="Suite" finished-at="2023-08-02T19:41:20 IST" duration-ms="72381">
    <groups>
    </groups>
    <test started-at="2023-08-02T19:40:07 IST" name="Test" finished-at="2023-08-02T19:41:20 IST" duration-ms="72381">
      <class name="practicegitpackage.Ajioweb">
        <test-method signature="ajioweb()[pri:0, instance:practicegitpackage.Ajioweb@38d8f54a]" started-at="2023-08-02T19:40:18 IST" name="ajioweb" finished-at="2023-08-02T19:40:57 IST" duration-ms="38246" status="PASS">
          <reporter-output>
          </reporter-output>
        </test-method> <!-- ajioweb -->
      </class> <!-- practicegitpackage.Ajioweb -->
      <class name="practicegitpackage.Amazonweb">
        <test-method signature="amazonweb()[pri:0, instance:practicegitpackage.Amazonweb@7d8995e]" started-at="2023-08-02T19:40:07 IST" name="amazonweb" finished-at="2023-08-02T19:40:18 IST" duration-ms="11001" status="PASS">
          <reporter-output>
          </reporter-output>
        </test-method> <!-- amazonweb -->
      </class> <!-- practicegitpackage.Amazonweb -->
      <class name="practicegitpackage.Flipkartweb">
        <test-method signature="flipkartweb()[pri:0, instance:practicegitpackage.Flipkartweb@49e53c76]" started-at="2023-08-02T19:40:57 IST" name="flipkartweb" finished-at="2023-08-02T19:41:20 IST" duration-ms="23074" status="PASS">
          <reporter-output>
          </reporter-output>
        </test-method> <!-- flipkartweb -->
      </class> <!-- practicegitpackage.Flipkartweb -->
    </test> <!-- Test -->
  </suite> <!-- Suite -->
</testng-results>
